<?xml version="1.0" encoding="UTF-8"?>
<!-- Generated by org.testng.reporters.JUnitReportReporter -->
<testsuite hostname="DESKTOP-M8M1A0A" failures="0" tests="3" name="StudentTest" time="0.019" errors="0" timestamp="2025-05-13T15:11:31 GMT+07:00" skipped="0">
  <testcase classname="StudentTest" name="testSetAge" time="0.001"/>
  <testcase classname="StudentTest" name="testUpdateName" time="0.002"/>
  <testcase classname="StudentTest" name="testGetName" time="0.016"/>
</testsuite> <!-- StudentTest -->
